2025-07-01 19:24:57 [JavaFX Application Thread] INFO  c.wilsonsinclair.scheduler.Settings - Reading settings from C:\Users\wilso\IdeaProjects\Scheduler\settings.json
2025-07-01 19:25:20 [JavaFX Application Thread] INFO  c.w.scheduler.Serializer - Employees saved to C:\Users\wilso\IdeaProjects\Scheduler\employees.ser
2025-07-01 19:25:30 [JavaFX Application Thread] INFO  c.w.scheduler.Serializer - Employees saved to C:\Users\wilso\IdeaProjects\Scheduler\employees.ser
2025-07-01 19:32:24 [JavaFX Application Thread] INFO  c.wilsonsinclair.scheduler.Settings - Reading settings from C:\Users\wilso\IdeaProjects\Scheduler\settings.json
2025-07-01 19:33:16 [JavaFX Application Thread] INFO  c.wilsonsinclair.scheduler.Settings - Reading settings from C:\Users\wilso\IdeaProjects\Scheduler\settings.json
2025-07-01 19:34:13 [JavaFX Application Thread] INFO  c.wilsonsinclair.scheduler.Settings - Reading settings from C:\Users\wilso\IdeaProjects\Scheduler\settings.json
2025-07-01 19:35:15 [JavaFX Application Thread] INFO  c.wilsonsinclair.scheduler.Settings - Reading settings from C:\Users\wilso\IdeaProjects\Scheduler\settings.json
2025-07-01 19:36:28 [JavaFX Application Thread] INFO  c.wilsonsinclair.scheduler.Settings - Reading settings from C:\Users\wilso\IdeaProjects\Scheduler\settings.json
2025-07-01 19:41:01 [JavaFX Application Thread] INFO  c.wilsonsinclair.scheduler.Settings - Reading settings from C:\Users\wilso\IdeaProjects\Scheduler\settings.json
2025-07-01 19:41:09 [JavaFX Application Thread] INFO  c.w.scheduler.MainViewController - enableSaveButton
2025-07-01 19:41:10 [JavaFX Application Thread] INFO  c.w.scheduler.MainViewController - enableSaveButton
2025-07-01 19:41:12 [JavaFX Application Thread] INFO  c.w.scheduler.MainViewController - enableSaveButton
2025-07-01 19:41:13 [JavaFX Application Thread] INFO  c.w.scheduler.MainViewController - enableSaveButton
2025-07-01 19:41:14 [JavaFX Application Thread] INFO  c.w.scheduler.MainViewController - enableSaveButton
2025-07-01 19:41:14 [JavaFX Application Thread] INFO  c.w.scheduler.MainViewController - enableSaveButton
2025-07-01 19:41:42 [JavaFX Application Thread] INFO  c.wilsonsinclair.scheduler.Settings - Reading settings from C:\Users\wilso\IdeaProjects\Scheduler\settings.json
2025-07-01 19:41:49 [JavaFX Application Thread] INFO  c.w.scheduler.MainViewController - enableSaveButton
2025-07-01 19:41:50 [JavaFX Application Thread] INFO  c.w.scheduler.MainViewController - enableSaveButton
2025-07-01 19:43:55 [JavaFX Application Thread] INFO  c.wilsonsinclair.scheduler.Settings - Reading settings from C:\Users\wilso\IdeaProjects\Scheduler\settings.json
2025-07-01 19:44:33 [JavaFX Application Thread] INFO  c.wilsonsinclair.scheduler.Settings - Reading settings from C:\Users\wilso\IdeaProjects\Scheduler\settings.json
2025-07-01 19:46:24 [JavaFX Application Thread] INFO  c.wilsonsinclair.scheduler.Settings - Reading settings from C:\Users\wilso\IdeaProjects\Scheduler\settings.json
2025-07-01 19:49:01 [JavaFX Application Thread] INFO  c.wilsonsinclair.scheduler.Settings - Reading settings from C:\Users\wilso\IdeaProjects\Scheduler\settings.json
2025-07-01 19:49:04 [JavaFX Application Thread] INFO  c.w.scheduler.MainViewController - Text changed to David
2025-07-01 19:49:06 [JavaFX Application Thread] INFO  c.w.scheduler.MainViewController - Text changed to Davi
2025-07-01 19:49:07 [JavaFX Application Thread] INFO  c.w.scheduler.MainViewController - Text changed to David
2025-07-01 19:49:08 [JavaFX Application Thread] INFO  c.w.scheduler.MainViewController - Text changed to Davi
2025-07-01 19:49:08 [JavaFX Application Thread] INFO  c.w.scheduler.MainViewController - Text changed to David
2025-07-01 19:50:21 [JavaFX Application Thread] INFO  c.wilsonsinclair.scheduler.Settings - Reading settings from C:\Users\wilso\IdeaProjects\Scheduler\settings.json
2025-07-01 19:50:24 [JavaFX Application Thread] INFO  c.w.scheduler.MainViewController - Text changed to Nathan
2025-07-01 19:50:32 [JavaFX Application Thread] INFO  c.w.scheduler.MainViewController - Text changed to Bridgette
2025-07-01 19:50:33 [JavaFX Application Thread] INFO  c.w.scheduler.MainViewController - Text changed to Anna
2025-07-01 19:50:34 [JavaFX Application Thread] INFO  c.w.scheduler.MainViewController - Text changed to David
2025-07-01 19:50:34 [JavaFX Application Thread] INFO  c.w.scheduler.MainViewController - Text changed to Wilson
2025-07-01 19:50:36 [JavaFX Application Thread] INFO  c.w.scheduler.MainViewController - Text changed to Bridgette
2025-07-01 19:56:26 [JavaFX Application Thread] INFO  c.wilsonsinclair.scheduler.Settings - Reading settings from C:\Users\wilso\IdeaProjects\Scheduler\settings.json
2025-07-01 19:56:29 [JavaFX Application Thread] INFO  c.w.scheduler.MainViewController - Text changed to Nathan
2025-07-01 19:56:30 [JavaFX Application Thread] INFO  c.w.scheduler.MainViewController - Text changed to Josh
2025-07-01 19:56:31 [JavaFX Application Thread] INFO  c.w.scheduler.MainViewController - Text changed to Kate
2025-07-01 19:56:32 [JavaFX Application Thread] INFO  c.w.scheduler.MainViewController - Text changed to Josh
2025-07-01 19:56:34 [JavaFX Application Thread] INFO  c.w.scheduler.MainViewController - Text changed to Jos
2025-07-01 19:56:40 [JavaFX Application Thread] INFO  c.w.scheduler.MainViewController - Text changed to Josh
2025-07-01 19:56:42 [JavaFX Application Thread] INFO  c.w.scheduler.MainViewController - Text changed to Kate
2025-07-01 19:56:49 [JavaFX Application Thread] INFO  c.w.scheduler.MainViewController - Text changed to Josh
2025-07-01 19:56:49 [JavaFX Application Thread] INFO  c.w.scheduler.MainViewController - Text changed to Kate
2025-07-01 19:57:50 [JavaFX Application Thread] INFO  c.wilsonsinclair.scheduler.Settings - Reading settings from C:\Users\wilso\IdeaProjects\Scheduler\settings.json
2025-07-01 19:57:52 [JavaFX Application Thread] INFO  c.w.scheduler.MainViewController - Text changed to Kate
2025-07-01 19:57:54 [JavaFX Application Thread] INFO  c.w.scheduler.MainViewController - Text changed to Bridgette
2025-07-01 19:57:54 [JavaFX Application Thread] INFO  c.w.scheduler.MainViewController - Text changed to Kate
2025-07-01 19:58:40 [JavaFX Application Thread] INFO  c.wilsonsinclair.scheduler.Settings - Reading settings from C:\Users\wilso\IdeaProjects\Scheduler\settings.json
2025-07-01 19:58:42 [JavaFX Application Thread] INFO  c.w.scheduler.MainViewController - Text changed to Josh
2025-07-01 19:58:43 [JavaFX Application Thread] INFO  c.w.scheduler.MainViewController - Text changed to Jos
2025-07-01 19:58:44 [JavaFX Application Thread] INFO  c.w.scheduler.MainViewController - Text changed to Josh
2025-07-01 19:59:05 [JavaFX Application Thread] INFO  c.wilsonsinclair.scheduler.Settings - Reading settings from C:\Users\wilso\IdeaProjects\Scheduler\settings.json
2025-07-01 19:59:10 [JavaFX Application Thread] INFO  c.w.scheduler.MainViewController - Text changed to Abby
2025-07-01 19:59:11 [JavaFX Application Thread] INFO  c.w.scheduler.MainViewController - Text changed to Marcus
2025-07-01 19:59:11 [JavaFX Application Thread] INFO  c.w.scheduler.MainViewController - Text changed to Sebastian
2025-07-01 19:59:12 [JavaFX Application Thread] INFO  c.w.scheduler.MainViewController - Text changed to Bridgette
2025-07-01 19:59:13 [JavaFX Application Thread] INFO  c.w.scheduler.MainViewController - Text changed to Kate
2025-07-01 19:59:29 [JavaFX Application Thread] INFO  c.wilsonsinclair.scheduler.Settings - Reading settings from C:\Users\wilso\IdeaProjects\Scheduler\settings.json
2025-07-01 20:05:19 [JavaFX Application Thread] INFO  c.wilsonsinclair.scheduler.Settings - Reading settings from C:\Users\wilso\IdeaProjects\Scheduler\settings.json
2025-07-01 20:12:44 [JavaFX Application Thread] INFO  c.wilsonsinclair.scheduler.Settings - Reading settings from C:\Users\wilso\IdeaProjects\Scheduler\settings.json
2025-07-01 23:46:29 [JavaFX Application Thread] INFO  c.wilsonsinclair.scheduler.Settings - Reading settings from C:\Users\wilso\IdeaProjects\Scheduler\settings.json
2025-07-01 23:47:38 [JavaFX Application Thread] INFO  c.w.scheduler.Serializer - Employees saved to C:\Users\wilso\IdeaProjects\Scheduler\employees.ser
2025-07-01 23:55:26 [JavaFX Application Thread] INFO  c.wilsonsinclair.scheduler.Settings - Reading settings from C:\Users\wilso\IdeaProjects\Scheduler\settings.json
2025-07-01 23:56:36 [JavaFX Application Thread] INFO  c.wilsonsinclair.scheduler.Settings - Reading settings from C:\Users\wilso\IdeaProjects\Scheduler\settings.json
2025-07-01 23:56:53 [JavaFX Application Thread] INFO  c.wilsonsinclair.scheduler.Settings - Reading settings from C:\Users\wilso\IdeaProjects\Scheduler\settings.json
2025-07-01 23:57:32 [JavaFX Application Thread] INFO  c.wilsonsinclair.scheduler.Settings - Reading settings from C:\Users\wilso\IdeaProjects\Scheduler\settings.json
2025-07-01 23:57:56 [JavaFX Application Thread] INFO  c.wilsonsinclair.scheduler.Settings - Reading settings from C:\Users\wilso\IdeaProjects\Scheduler\settings.json
2025-07-01 23:59:10 [JavaFX Application Thread] INFO  c.wilsonsinclair.scheduler.Settings - Reading settings from C:\Users\wilso\IdeaProjects\Scheduler\settings.json
2025-07-01 23:59:59 [JavaFX Application Thread] INFO  c.wilsonsinclair.scheduler.Settings - Reading settings from C:\Users\wilso\IdeaProjects\Scheduler\settings.json
