2025-06-15 17:33:32 [JavaFX Application Thread] INFO  c.wilsonsinclair.scheduler.Settings - Settings file not found. Creating new file.
2025-06-15 17:39:06 [JavaFX Application Thread] INFO  c.wilsonsinclair.scheduler.Settings - Settings file not found. Creating new file.
2025-06-15 17:52:08 [JavaFX Application Thread] INFO  c.wilsonsinclair.scheduler.Settings - Settings file not found. Creating new file.
2025-06-15 17:57:57 [JavaFX Application Thread] INFO  c.wilsonsinclair.scheduler.Settings - Settings file not found. Creating new file.
2025-06-15 17:57:57 [JavaFX Application Thread] INFO  c.wilsonsinclair.scheduler.Settings - Settings saved to C:\Users\wilso\IdeaProjects\Scheduler\settings.json
2025-06-15 18:06:48 [JavaFX Application Thread] INFO  c.wilsonsinclair.scheduler.Settings - Settings saved to C:\Users\wilso\IdeaProjects\Scheduler\settings.json
2025-06-15 18:18:16 [JavaFX Application Thread] INFO  c.wilsonsinclair.scheduler.Settings - Settings file not found. Creating new file.
2025-06-15 18:18:16 [JavaFX Application Thread] INFO  c.wilsonsinclair.scheduler.Settings - Settings saved to C:\Users\wilso\IdeaProjects\Scheduler\settings.json
2025-06-15 18:19:10 [JavaFX Application Thread] INFO  c.wilsonsinclair.scheduler.Settings - Settings saved to C:\Users\wilso\IdeaProjects\Scheduler\settings.json
2025-06-15 18:20:54 [JavaFX Application Thread] INFO  c.wilsonsinclair.scheduler.Settings - Reading settings from C:\Users\wilso\IdeaProjects\Scheduler\settings.json
2025-06-15 18:21:07 [JavaFX Application Thread] INFO  c.wilsonsinclair.scheduler.Settings - Settings saved to C:\Users\wilso\IdeaProjects\Scheduler\settings.json
2025-06-15 18:21:31 [JavaFX Application Thread] INFO  c.wilsonsinclair.scheduler.Settings - Settings saved to C:\Users\wilso\IdeaProjects\Scheduler\settings.json
2025-06-15 18:22:18 [JavaFX Application Thread] INFO  c.wilsonsinclair.scheduler.Settings - Reading settings from C:\Users\wilso\IdeaProjects\Scheduler\settings.json
2025-06-15 18:23:24 [JavaFX Application Thread] INFO  c.wilsonsinclair.scheduler.Settings - Reading settings from C:\Users\wilso\IdeaProjects\Scheduler\settings.json
2025-06-15 18:24:05 [JavaFX Application Thread] INFO  c.wilsonsinclair.scheduler.Settings - Reading settings from C:\Users\wilso\IdeaProjects\Scheduler\settings.json
2025-06-15 18:26:49 [JavaFX Application Thread] INFO  c.wilsonsinclair.scheduler.Settings - Reading settings from C:\Users\wilso\IdeaProjects\Scheduler\settings.json
2025-06-15 18:26:58 [JavaFX Application Thread] INFO  c.wilsonsinclair.scheduler.Settings - Settings saved to C:\Users\wilso\IdeaProjects\Scheduler\settings.json
2025-06-15 18:27:24 [JavaFX Application Thread] INFO  c.wilsonsinclair.scheduler.Settings - Reading settings from C:\Users\wilso\IdeaProjects\Scheduler\settings.json
2025-06-15 18:28:02 [JavaFX Application Thread] INFO  c.wilsonsinclair.scheduler.Settings - Reading settings from C:\Users\wilso\IdeaProjects\Scheduler\settings.json
2025-06-15 18:28:09 [JavaFX Application Thread] INFO  c.wilsonsinclair.scheduler.Settings - Settings saved to C:\Users\wilso\IdeaProjects\Scheduler\settings.json
2025-06-15 18:30:55 [JavaFX Application Thread] INFO  c.wilsonsinclair.scheduler.Settings - Reading settings from C:\Users\wilso\IdeaProjects\Scheduler\settings.json
2025-06-15 18:31:04 [JavaFX Application Thread] INFO  c.wilsonsinclair.scheduler.Settings - Settings saved to C:\Users\wilso\IdeaProjects\Scheduler\settings.json
2025-06-15 18:38:22 [JavaFX Application Thread] INFO  c.wilsonsinclair.scheduler.Settings - Reading settings from C:\Users\wilso\IdeaProjects\Scheduler\settings.json
2025-06-15 18:38:30 [JavaFX Application Thread] INFO  c.wilsonsinclair.scheduler.Settings - Settings saved to C:\Users\wilso\IdeaProjects\Scheduler\settings.json
2025-06-15 18:39:35 [JavaFX Application Thread] INFO  c.wilsonsinclair.scheduler.Settings - Reading settings from C:\Users\wilso\IdeaProjects\Scheduler\settings.json
2025-06-15 18:39:42 [JavaFX Application Thread] INFO  c.wilsonsinclair.scheduler.Settings - Settings saved to C:\Users\wilso\IdeaProjects\Scheduler\settings.json
2025-06-15 18:42:08 [JavaFX Application Thread] INFO  c.wilsonsinclair.scheduler.Settings - Reading settings from C:\Users\wilso\IdeaProjects\Scheduler\settings.json
2025-06-15 18:42:16 [JavaFX Application Thread] INFO  c.wilsonsinclair.scheduler.Settings - Settings saved to C:\Users\wilso\IdeaProjects\Scheduler\settings.json
2025-06-15 18:55:16 [JavaFX Application Thread] INFO  c.wilsonsinclair.scheduler.Settings - Reading settings from C:\Users\wilso\IdeaProjects\Scheduler\settings.json
2025-06-15 18:55:31 [JavaFX Application Thread] INFO  c.wilsonsinclair.scheduler.Settings - Settings file not found. Creating with default values.
2025-06-15 18:55:31 [JavaFX Application Thread] INFO  c.wilsonsinclair.scheduler.Settings - Settings saved to C:\Users\wilso\IdeaProjects\Scheduler\settings.json
2025-06-15 18:55:44 [JavaFX Application Thread] INFO  c.wilsonsinclair.scheduler.Settings - Settings saved to C:\Users\wilso\IdeaProjects\Scheduler\settings.json
2025-06-15 18:55:54 [JavaFX Application Thread] INFO  c.wilsonsinclair.scheduler.Settings - Reading settings from C:\Users\wilso\IdeaProjects\Scheduler\settings.json
2025-06-15 19:30:50 [JavaFX Application Thread] INFO  c.wilsonsinclair.scheduler.Settings - Reading settings from C:\Users\wilso\IdeaProjects\Scheduler\settings.json
2025-06-15 19:31:25 [JavaFX Application Thread] INFO  c.wilsonsinclair.scheduler.Settings - Settings saved to C:\Users\wilso\IdeaProjects\Scheduler\settings.json
2025-06-15 19:44:38 [JavaFX Application Thread] INFO  c.wilsonsinclair.scheduler.Settings - Reading settings from C:\Users\wilso\IdeaProjects\Scheduler\settings.json
2025-06-15 19:45:18 [JavaFX Application Thread] INFO  c.wilsonsinclair.scheduler.Settings - Settings saved to C:\Users\wilso\IdeaProjects\Scheduler\settings.json
2025-06-15 19:45:51 [JavaFX Application Thread] INFO  c.wilsonsinclair.scheduler.Settings - Reading settings from C:\Users\wilso\IdeaProjects\Scheduler\settings.json
2025-06-15 19:48:13 [JavaFX Application Thread] INFO  c.wilsonsinclair.scheduler.Settings - Reading settings from C:\Users\wilso\IdeaProjects\Scheduler\settings.json
2025-06-15 19:48:32 [JavaFX Application Thread] INFO  c.wilsonsinclair.scheduler.Settings - Reading settings from C:\Users\wilso\IdeaProjects\Scheduler\settings.json
2025-06-15 19:48:46 [JavaFX Application Thread] INFO  c.wilsonsinclair.scheduler.Settings - Reading settings from C:\Users\wilso\IdeaProjects\Scheduler\settings.json
2025-06-15 19:49:30 [JavaFX Application Thread] INFO  c.wilsonsinclair.scheduler.Settings - Reading settings from C:\Users\wilso\IdeaProjects\Scheduler\settings.json
2025-06-15 19:49:40 [JavaFX Application Thread] INFO  c.wilsonsinclair.scheduler.Settings - Reading settings from C:\Users\wilso\IdeaProjects\Scheduler\settings.json
2025-06-15 19:50:27 [JavaFX Application Thread] INFO  c.wilsonsinclair.scheduler.Settings - Reading settings from C:\Users\wilso\IdeaProjects\Scheduler\settings.json
2025-06-15 19:51:02 [JavaFX Application Thread] INFO  c.wilsonsinclair.scheduler.Settings - Reading settings from C:\Users\wilso\IdeaProjects\Scheduler\settings.json
2025-06-15 19:51:34 [JavaFX Application Thread] INFO  c.wilsonsinclair.scheduler.Settings - Reading settings from C:\Users\wilso\IdeaProjects\Scheduler\settings.json
2025-06-15 19:51:46 [JavaFX Application Thread] INFO  c.wilsonsinclair.scheduler.Settings - Reading settings from C:\Users\wilso\IdeaProjects\Scheduler\settings.json
2025-06-15 19:52:16 [JavaFX Application Thread] INFO  c.wilsonsinclair.scheduler.Settings - Reading settings from C:\Users\wilso\IdeaProjects\Scheduler\settings.json
2025-06-15 19:52:42 [JavaFX Application Thread] INFO  c.wilsonsinclair.scheduler.Settings - Reading settings from C:\Users\wilso\IdeaProjects\Scheduler\settings.json
2025-06-15 19:53:04 [JavaFX Application Thread] INFO  c.wilsonsinclair.scheduler.Settings - Reading settings from C:\Users\wilso\IdeaProjects\Scheduler\settings.json
2025-06-15 19:53:49 [JavaFX Application Thread] INFO  c.wilsonsinclair.scheduler.Settings - Reading settings from C:\Users\wilso\IdeaProjects\Scheduler\settings.json
2025-06-15 19:54:05 [JavaFX Application Thread] INFO  c.wilsonsinclair.scheduler.Settings - Settings saved to C:\Users\wilso\IdeaProjects\Scheduler\settings.json
2025-06-15 19:54:21 [JavaFX Application Thread] INFO  c.wilsonsinclair.scheduler.Settings - Reading settings from C:\Users\wilso\IdeaProjects\Scheduler\settings.json
2025-06-15 19:54:44 [JavaFX Application Thread] INFO  c.wilsonsinclair.scheduler.Settings - Reading settings from C:\Users\wilso\IdeaProjects\Scheduler\settings.json
2025-06-15 19:55:04 [JavaFX Application Thread] INFO  c.wilsonsinclair.scheduler.Settings - Reading settings from C:\Users\wilso\IdeaProjects\Scheduler\settings.json
2025-06-15 19:55:26 [JavaFX Application Thread] INFO  c.wilsonsinclair.scheduler.Settings - Reading settings from C:\Users\wilso\IdeaProjects\Scheduler\settings.json
2025-06-15 19:55:51 [JavaFX Application Thread] INFO  c.wilsonsinclair.scheduler.Settings - Reading settings from C:\Users\wilso\IdeaProjects\Scheduler\settings.json
2025-06-17 11:33:56 [JavaFX Application Thread] INFO  c.wilsonsinclair.scheduler.Settings - Reading settings from /Users/wilson/Scheduler/settings.json
2025-06-17 11:36:53 [JavaFX Application Thread] INFO  c.wilsonsinclair.scheduler.Settings - Reading settings from /Users/wilson/Scheduler/settings.json
2025-06-17 11:37:38 [JavaFX Application Thread] INFO  c.wilsonsinclair.scheduler.Settings - Reading settings from /Users/wilson/Scheduler/settings.json
2025-06-17 11:38:01 [JavaFX Application Thread] INFO  c.wilsonsinclair.scheduler.Settings - Reading settings from /Users/wilson/Scheduler/settings.json
2025-06-17 11:40:17 [JavaFX Application Thread] INFO  c.wilsonsinclair.scheduler.Settings - Reading settings from /Users/wilson/Scheduler/settings.json
2025-06-17 11:41:29 [JavaFX Application Thread] INFO  c.wilsonsinclair.scheduler.Settings - Reading settings from /Users/wilson/Scheduler/settings.json
2025-06-17 11:44:08 [JavaFX Application Thread] INFO  c.wilsonsinclair.scheduler.Settings - Reading settings from /Users/wilson/Scheduler/settings.json
2025-06-17 11:44:10 [JavaFX Application Thread] INFO  c.wilsonsinclair.scheduler.Settings - Settings saved to /Users/wilson/Scheduler/settings.json
2025-06-17 11:44:11 [JavaFX Application Thread] INFO  c.wilsonsinclair.scheduler.Settings - Settings saved to /Users/wilson/Scheduler/settings.json
2025-06-17 11:44:11 [JavaFX Application Thread] INFO  c.wilsonsinclair.scheduler.Settings - Settings saved to /Users/wilson/Scheduler/settings.json
2025-06-17 11:44:11 [JavaFX Application Thread] INFO  c.wilsonsinclair.scheduler.Settings - Settings saved to /Users/wilson/Scheduler/settings.json
2025-06-17 11:47:30 [JavaFX Application Thread] INFO  c.wilsonsinclair.scheduler.Settings - Reading settings from /Users/wilson/Scheduler/settings.json
2025-06-17 11:47:35 [JavaFX Application Thread] INFO  c.wilsonsinclair.scheduler.Settings - Settings saved to /Users/wilson/Scheduler/settings.json
2025-06-17 11:47:36 [JavaFX Application Thread] INFO  c.wilsonsinclair.scheduler.Settings - Settings saved to /Users/wilson/Scheduler/settings.json
2025-06-17 12:12:00 [JavaFX Application Thread] INFO  c.wilsonsinclair.scheduler.Settings - Reading settings from /Users/wilson/Scheduler/settings.json
2025-06-17 12:12:40 [JavaFX Application Thread] INFO  c.wilsonsinclair.scheduler.Settings - Reading settings from /Users/wilson/Scheduler/settings.json
2025-06-17 12:13:20 [JavaFX Application Thread] INFO  c.wilsonsinclair.scheduler.Settings - Reading settings from /Users/wilson/Scheduler/settings.json
2025-06-17 12:14:03 [JavaFX Application Thread] INFO  c.wilsonsinclair.scheduler.Settings - Reading settings from /Users/wilson/Scheduler/settings.json
2025-06-17 12:15:34 [JavaFX Application Thread] INFO  c.wilsonsinclair.scheduler.Settings - Reading settings from /Users/wilson/Scheduler/settings.json
2025-06-17 12:20:03 [JavaFX Application Thread] INFO  c.wilsonsinclair.scheduler.Settings - Reading settings from /Users/wilson/Scheduler/settings.json
2025-06-17 12:21:39 [JavaFX Application Thread] INFO  c.wilsonsinclair.scheduler.Settings - Reading settings from /Users/wilson/Scheduler/settings.json
2025-06-17 12:23:05 [JavaFX Application Thread] INFO  c.wilsonsinclair.scheduler.Settings - Reading settings from /Users/wilson/Scheduler/settings.json
2025-06-17 12:25:41 [JavaFX Application Thread] INFO  c.wilsonsinclair.scheduler.Settings - Reading settings from /Users/wilson/Scheduler/settings.json
2025-06-17 12:26:09 [JavaFX Application Thread] INFO  c.wilsonsinclair.scheduler.Settings - Reading settings from /Users/wilson/Scheduler/settings.json
2025-06-17 12:31:09 [JavaFX Application Thread] INFO  c.wilsonsinclair.scheduler.Settings - Reading settings from /Users/wilson/Scheduler/settings.json
2025-06-17 12:36:28 [JavaFX Application Thread] INFO  c.wilsonsinclair.scheduler.Settings - Reading settings from /Users/wilson/Scheduler/settings.json
2025-06-17 12:45:02 [JavaFX Application Thread] INFO  c.wilsonsinclair.scheduler.Settings - Reading settings from /Users/wilson/Scheduler/settings.json
2025-06-17 12:46:04 [JavaFX Application Thread] INFO  c.wilsonsinclair.scheduler.Settings - Reading settings from /Users/wilson/Scheduler/settings.json
2025-06-17 12:49:31 [JavaFX Application Thread] INFO  c.wilsonsinclair.scheduler.Settings - Reading settings from /Users/wilson/Scheduler/settings.json
2025-06-17 12:53:13 [JavaFX Application Thread] INFO  c.wilsonsinclair.scheduler.Settings - Reading settings from /Users/wilson/Scheduler/settings.json
