2025-06-03 07:42:57 [main] INFO  com.wilsonsinclair.scheduler.Main - Application main method invoked
2025-06-03 07:42:57 [JavaFX Application Thread] INFO  com.wilsonsinclair.scheduler.Main - Starting Scheduler application
2025-06-03 07:42:57 [JavaFX Application Thread] DEBUG com.wilsonsinclair.scheduler.Main - Loading FXML from: file:/Users/wilson/Scheduler/target/classes/com/wilsonsinclair/scheduler/main-view.fxml
2025-06-03 07:42:57 [JavaFX Application Thread] INFO  c.w.scheduler.Serializer - Loading employees from file: /Users/wilson/Scheduler/employees.ser
2025-06-03 07:42:58 [JavaFX Application Thread] DEBUG c.w.scheduler.Serializer - Successfully loaded 1 employees from file
2025-06-03 07:42:58 [JavaFX Application Thread] INFO  c.w.scheduler.Serializer - Loading schedules from file: /Users/wilson/Scheduler/schedules.ser
2025-06-03 07:42:58 [JavaFX Application Thread] ERROR c.w.scheduler.Serializer - Error loading schedules: IO exception
java.io.EOFException: null
	at java.base/java.io.ObjectInputStream$PeekInputStream.readFully(ObjectInputStream.java:2940)
	at java.base/java.io.ObjectInputStream$BlockDataInputStream.readShort(ObjectInputStream.java:3437)
	at java.base/java.io.ObjectInputStream.readStreamHeader(ObjectInputStream.java:973)
	at java.base/java.io.ObjectInputStream.<init>(ObjectInputStream.java:404)
	at com.wilsonsinclair.scheduler@1.0-SNAPSHOT/com.wilsonsinclair.scheduler.Serializer.loadSchedules(Serializer.java:95)
	at com.wilsonsinclair.scheduler@1.0-SNAPSHOT/com.wilsonsinclair.scheduler.MainViewController.initialize(MainViewController.java:254)
	at javafx.fxml@21/javafx.fxml.FXMLLoader.loadImpl(FXMLLoader.java:2670)
	at javafx.fxml@21/javafx.fxml.FXMLLoader.loadImpl(FXMLLoader.java:2563)
	at javafx.fxml@21/javafx.fxml.FXMLLoader.load(FXMLLoader.java:2531)
	at com.wilsonsinclair.scheduler@1.0-SNAPSHOT/com.wilsonsinclair.scheduler.Main.start(Main.java:21)
	at javafx.graphics@21/com.sun.javafx.application.LauncherImpl.lambda$launchApplication1$9(LauncherImpl.java:839)
	at javafx.graphics@21/com.sun.javafx.application.PlatformImpl.lambda$runAndWait$12(PlatformImpl.java:483)
	at javafx.graphics@21/com.sun.javafx.application.PlatformImpl.lambda$runLater$10(PlatformImpl.java:456)
	at java.base/java.security.AccessController.doPrivileged(AccessController.java:400)
	at javafx.graphics@21/com.sun.javafx.application.PlatformImpl.lambda$runLater$11(PlatformImpl.java:455)
	at javafx.graphics@21/com.sun.glass.ui.InvokeLaterDispatcher$Future.run(InvokeLaterDispatcher.java:95)
2025-06-03 07:42:58 [JavaFX Application Thread] WARN  c.w.scheduler.Serializer - Returning empty schedule list due to exception
2025-06-03 07:42:58 [JavaFX Application Thread] INFO  com.wilsonsinclair.scheduler.Main - Application UI initialized successfully
2025-06-03 07:43:54 [JavaFX Application Thread] INFO  c.w.scheduler.Serializer - Saving 1 employees to file: /Users/wilson/Scheduler/employees.ser
2025-06-03 07:43:54 [JavaFX Application Thread] DEBUG c.w.scheduler.Serializer - Successfully saved employees to file
2025-06-03 08:38:55 [main] INFO  com.wilsonsinclair.scheduler.Main - Application main method invoked
2025-06-03 08:38:55 [JavaFX Application Thread] INFO  com.wilsonsinclair.scheduler.Main - Starting Scheduler application
2025-06-03 08:38:55 [JavaFX Application Thread] DEBUG com.wilsonsinclair.scheduler.Main - Loading FXML from: file:/Users/wilson/Scheduler/target/classes/com/wilsonsinclair/scheduler/main-view.fxml
2025-06-03 08:38:55 [JavaFX Application Thread] INFO  c.w.scheduler.Serializer - Loading employees from file: /Users/wilson/Scheduler/employees.ser
2025-06-03 08:38:55 [JavaFX Application Thread] DEBUG c.w.scheduler.Serializer - Successfully loaded 1 employees from file
2025-06-03 08:38:55 [JavaFX Application Thread] INFO  c.w.scheduler.Serializer - Loading schedules from file: /Users/wilson/Scheduler/schedules.ser
2025-06-03 08:38:55 [JavaFX Application Thread] ERROR c.w.scheduler.Serializer - Error loading schedules: IO exception
java.io.EOFException: null
	at java.base/java.io.ObjectInputStream$PeekInputStream.readFully(ObjectInputStream.java:2940)
	at java.base/java.io.ObjectInputStream$BlockDataInputStream.readShort(ObjectInputStream.java:3437)
	at java.base/java.io.ObjectInputStream.readStreamHeader(ObjectInputStream.java:973)
	at java.base/java.io.ObjectInputStream.<init>(ObjectInputStream.java:404)
	at com.wilsonsinclair.scheduler@1.0-SNAPSHOT/com.wilsonsinclair.scheduler.Serializer.loadSchedules(Serializer.java:95)
	at com.wilsonsinclair.scheduler@1.0-SNAPSHOT/com.wilsonsinclair.scheduler.MainViewController.initialize(MainViewController.java:254)
	at javafx.fxml@21/javafx.fxml.FXMLLoader.loadImpl(FXMLLoader.java:2670)
	at javafx.fxml@21/javafx.fxml.FXMLLoader.loadImpl(FXMLLoader.java:2563)
	at javafx.fxml@21/javafx.fxml.FXMLLoader.load(FXMLLoader.java:2531)
	at com.wilsonsinclair.scheduler@1.0-SNAPSHOT/com.wilsonsinclair.scheduler.Main.start(Main.java:21)
	at javafx.graphics@21/com.sun.javafx.application.LauncherImpl.lambda$launchApplication1$9(LauncherImpl.java:839)
	at javafx.graphics@21/com.sun.javafx.application.PlatformImpl.lambda$runAndWait$12(PlatformImpl.java:483)
	at javafx.graphics@21/com.sun.javafx.application.PlatformImpl.lambda$runLater$10(PlatformImpl.java:456)
	at java.base/java.security.AccessController.doPrivileged(AccessController.java:400)
	at javafx.graphics@21/com.sun.javafx.application.PlatformImpl.lambda$runLater$11(PlatformImpl.java:455)
	at javafx.graphics@21/com.sun.glass.ui.InvokeLaterDispatcher$Future.run(InvokeLaterDispatcher.java:95)
2025-06-03 08:38:55 [JavaFX Application Thread] WARN  c.w.scheduler.Serializer - Returning empty schedule list due to exception
2025-06-03 08:38:55 [JavaFX Application Thread] INFO  com.wilsonsinclair.scheduler.Main - Application UI initialized successfully
